Loading network: us-airports
Remove self-loops
Keep largest connected component
Traceback (most recent call last):
  File "01-calc-backbone.py", line 107, in <module>
    alpha = get_asymmetry_distribution(G)
  File "/data/fcosta/DirectedDistanceBackbone/utils.py", line 76, in get_asymmetry_distribution
    alpha = (Gc[u][v][weight] - Gc[v][u][weight])/(Gc[u][v][weight] + Gc[v][u][weight])
ZeroDivisionError: float division by zero

Loading network: us-weblinks
Remove self-loops
Keep largest connected component
Prox -> Dist
Traceback (most recent call last):
  File "01-calc-backbone.py", line 107, in <module>
    alpha = get_asymmetry_distribution(G)
  File "/data/fcosta/DirectedDistanceBackbone/utils.py", line 76, in get_asymmetry_distribution
    alpha = (Gc[u][v][weight] - Gc[v][u][weight])/(Gc[u][v][weight] + Gc[v][u][weight])
ZeroDivisionError: float division by zero


Loading network: online-dating
Remove self-loops
Keep largest connected component
Prox -> Dist
Traceback (most recent call last):
  File "01-calc-backbone.py", line 107, in <module>
    alpha = get_asymmetry_distribution(G)
  File "/data/fcosta/DirectedDistanceBackbone/utils.py", line 76, in get_asymmetry_distribution
    alpha = (Gc[u][v][weight] - Gc[v][u][weight])/(Gc[u][v][weight] + Gc[v][u][weight])
ZeroDivisionError: float division by zero

Loading network: us-airports
Remove self-loops
Keep largest connected component
--- Exporting Formats ---
> Backbone
> Distortion
> Asymmetry



Loading network: online-dating
Remove self-loops
Keep largest connected component
Prox -> Dist
Traceback (most recent call last):
  File "01-calc-backbone.py", line 114, in <module>
    G, s_values = dc.backbone(G, weight='distance', kind='metric', distortion=True)
  File "/home/fcosta/fcenv/lib/python3.8/site-packages/distanceclosure-0.4.1-py3.8-linux-x86_64.egg/distanceclosure/backbone.py", line 78, in backbone
    G, s_values = _compute_backbone(D, weight=weight, disjunction=sum, distortion=distortion, verbose=verbose, *args, **kwargs)
  File "/home/fcosta/fcenv/lib/python3.8/site-packages/distanceclosure-0.4.1-py3.8-linux-x86_64.egg/distanceclosure/backbone.py", line 145, in _compute_backbone
    s_values[(n, v)] = G[n][v][weight]/metric_dist[v]
ZeroDivisionError: float division by zero
Loading network: pop-flow
Remove self-loops
Keep largest connected component
--- Exporting Formats ---
> Backbone
> Distortion
> Asymmetry



Loading network: giraffe
Remove self-loops
Keep largest connected component
--- Exporting Formats ---
> Backbone
> Distortion
> Asymmetry



Loading network: mobility-manizales
Remove self-loops
Keep largest connected component
Prox -> Dist
--- Exporting Formats ---
> Backbone
> Distortion
> Asymmetry



Loading network: caviar-proj
Remove self-loops
Keep largest connected component
Prox -> Dist
--- Exporting Formats ---
> Backbone
> Distortion
> Asymmetry



Loading network: phone-calls
Remove self-loops
Keep largest connected component
--- Exporting Formats ---
> Backbone
> Distortion
> Asymmetry



Loading network: business-faculty
Remove self-loops
Keep largest connected component
Prox -> Dist
--- Exporting Formats ---
> Backbone
> Distortion
> Asymmetry



Loading network: history-faculty
Remove self-loops
Keep largest connected component
Prox -> Dist
--- Exporting Formats ---
> Backbone
> Distortion
> Asymmetry



Loading network: cs-faculty
Remove self-loops
Keep largest connected component
Prox -> Dist
--- Exporting Formats ---
> Backbone
> Distortion
> Asymmetry



Loading network: water-pipes
Remove self-loops
Keep largest connected component
--- Exporting Formats ---
> Backbone
> Distortion
> Asymmetry



Loading network: comorbidity
Remove self-loops
Keep largest connected component
--- Exporting Formats ---
> Backbone
> Distortion
> Asymmetry



Loading network: celegans-her
Remove self-loops
Keep largest connected component
Prox -> Dist
--- Exporting Formats ---
> Backbone
> Distortion
> Asymmetry



Loading network: celegans-male
Remove self-loops
Keep largest connected component
Prox -> Dist
--- Exporting Formats ---
> Backbone
> Distortion
> Asymmetry



Loading network: DDI
Remove self-loops
Keep largest connected component
--- Exporting Formats ---
> Backbone
> Distortion
> Asymmetry



Loading network: host-pathogen
Remove self-loops
Keep largest connected component
--- Exporting Formats ---
> Backbone
> Distortion
> Asymmetry



Loading network: mobility-medellin
Remove self-loops
Keep largest connected component
Prox -> Dist
--- Exporting Formats ---
> Backbone
> Distortion
> Asymmetry



Loading network: us-airports
Remove self-loops
Keep largest connected component
--- Exporting Formats ---
> Backbone
> Distortion
> Asymmetry



Loading network: bike-sharing
Remove self-loops
Keep largest connected component
--- Exporting Formats ---
> Backbone
> Distortion
> Asymmetry



Loading network: colombia-mobility
Remove self-loops
Keep largest connected component
Prox -> Dist
--- Exporting Formats ---
> Backbone
> Distortion
> Asymmetry



Loading network: colombia-calls
Remove self-loops
Keep largest connected component
Prox -> Dist
--- Exporting Formats ---
> Backbone
> Distortion
> Asymmetry



Loading network: tennis-loss
Remove self-loops
Keep largest connected component
Prox -> Dist
--- Exporting Formats ---
> Backbone
> Distortion
> Asymmetry



Loading network: online-dating
Remove self-loops
Keep largest connected component
Prox -> Dist
Traceback (most recent call last):
  File "01-calc-backbone.py", line 114, in <module>
    G, s_values = dc.backbone(G, weight='distance', kind='metric', distortion=True)
  File "/home/fcosta/fcenv/lib/python3.8/site-packages/distanceclosure-0.4.1-py3.8-linux-x86_64.egg/distanceclosure/backbone.py", line 78, in backbone
    G, s_values = _compute_backbone(D, weight=weight, disjunction=sum, distortion=distortion, verbose=verbose, *args, **kwargs)
  File "/home/fcosta/fcenv/lib/python3.8/site-packages/distanceclosure-0.4.1-py3.8-linux-x86_64.egg/distanceclosure/backbone.py", line 145, in _compute_backbone
    s_values[(n, v)] = G[n][v][weight]/metric_dist[v]
ZeroDivisionError: float division by zero
Loading network: yeast-grn
Remove self-loops
Keep largest connected component
Prox -> Dist
--- Exporting Formats ---
> Backbone
> Distortion
> Asymmetry



Remove self-loops
Keep largest connected component
n-nodes                            322
n-edges                            609
density                       0.005892
n-edges-metric                     558
n-edges-ultrametric                517
%-edges-metric                0.916256
%-edges-ultrametric           0.848933
%-redundancy-metric           0.083744
%-redundancy-ultrametric      0.151067
%-edges-ultrametric/metric    0.926523
Name: phone-calls, dtype: object
> Asymmetry



Remove self-loops
Keep largest connected component
n-nodes                            110
n-edges                            295
density                       0.024604
n-edges-metric                     197
n-edges-ultrametric                192
%-edges-metric                0.667797
%-edges-ultrametric           0.650847
%-redundancy-metric           0.332203
%-redundancy-ultrametric      0.349153
%-edges-ultrametric/metric    0.974619
Name: caviar-proj, dtype: object
> Asymmetry



Remove self-loops
Keep largest connected component
n-nodes                             11
n-edges                             30
density                       0.272727
n-edges-metric                      30
n-edges-ultrametric                 30
%-edges-metric                     1.0
%-edges-ultrametric                1.0
%-redundancy-metric                0.0
%-redundancy-ultrametric           0.0
%-edges-ultrametric/metric         1.0
Name: pop-flow, dtype: object
> Asymmetry



Remove self-loops
Keep largest connected component
n-nodes                             57
n-edges                           2518
density                       0.788847
n-edges-metric                     213
n-edges-ultrametric                118
%-edges-metric                0.084591
%-edges-ultrametric           0.046863
%-redundancy-metric           0.915409
%-redundancy-ultrametric      0.953137
%-edges-ultrametric/metric    0.553991
Name: mobility-manizales, dtype: object
> Asymmetry



Remove self-loops
Keep largest connected component
n-nodes                              6
n-edges                             30
density                            1.0
n-edges-metric                      23
n-edges-ultrametric                  9
%-edges-metric                0.766667
%-edges-ultrametric                0.3
%-redundancy-metric           0.233333
%-redundancy-ultrametric           0.7
%-edges-ultrametric/metric    0.391304
Name: giraffe, dtype: object
> Asymmetry



Remove self-loops
Keep largest connected component
n-nodes                            145
n-edges                           2428
density                       0.116284
n-edges-metric                    1473
n-edges-ultrametric               1120
%-edges-metric                0.606672
%-edges-ultrametric           0.461285
%-redundancy-metric           0.393328
%-redundancy-ultrametric      0.538715
%-edges-ultrametric/metric    0.760353
Name: history-faculty, dtype: object
> Asymmetry



Remove self-loops
Keep largest connected component
n-nodes                            113
n-edges                           3432
density                       0.271176
n-edges-metric                    1565
n-edges-ultrametric                638
%-edges-metric                0.456002
%-edges-ultrametric           0.185897
%-redundancy-metric           0.543998
%-redundancy-ultrametric      0.814103
%-edges-ultrametric/metric    0.407668
Name: business-faculty, dtype: object
> Asymmetry



Remove self-loops
Keep largest connected component
n-nodes                            328
n-edges                           3474
density                        0.03239
n-edges-metric                    1908
n-edges-ultrametric               1058
%-edges-metric                0.549223
%-edges-ultrametric           0.304548
%-redundancy-metric           0.450777
%-redundancy-ultrametric      0.695452
%-edges-ultrametric/metric    0.554507
Name: celegans-male, dtype: object
> Asymmetry



Remove self-loops
Keep largest connected component
n-nodes                            206
n-edges                           2929
density                       0.069358
n-edges-metric                    2149
n-edges-ultrametric               1554
%-edges-metric                0.733698
%-edges-ultrametric           0.530557
%-redundancy-metric           0.266302
%-redundancy-ultrametric      0.469443
%-edges-ultrametric/metric    0.723127
Name: cs-faculty, dtype: object
> Asymmetry



Remove self-loops
Keep largest connected component
n-nodes                            412
n-edges                           2966
density                       0.017516
n-edges-metric                    1750
n-edges-ultrametric               1201
%-edges-metric                 0.59002
%-edges-ultrametric           0.404922
%-redundancy-metric            0.40998
%-redundancy-ultrametric      0.595078
%-edges-ultrametric/metric    0.686286
Name: DDI, dtype: object
> Asymmetry



Remove self-loops
Keep largest connected component
n-nodes                            313
n-edges                           3500
density                        0.03584
n-edges-metric                    2036
n-edges-ultrametric               1153
%-edges-metric                0.581714
%-edges-ultrametric           0.329429
%-redundancy-metric           0.418286
%-redundancy-ultrametric      0.670571
%-edges-ultrametric/metric    0.566306
Name: celegans-her, dtype: object
> Asymmetry



Remove self-loops
Keep largest connected component
n-nodes                            413
n-edges                          33884
density                       0.199135
n-edges-metric                    3362
n-edges-ultrametric               1048
%-edges-metric                0.099221
%-edges-ultrametric           0.030929
%-redundancy-metric           0.900779
%-redundancy-ultrametric      0.969071
%-edges-ultrametric/metric    0.311719
Name: mobility-medellin, dtype: object
> Asymmetry



Remove self-loops
Keep largest connected component
n-nodes                             95
n-edges                           8930
density                            1.0
n-edges-metric                    4236
n-edges-ultrametric                194
%-edges-metric                0.474356
%-edges-ultrametric           0.021725
%-redundancy-metric           0.525644
%-redundancy-ultrametric      0.978275
%-edges-ultrametric/metric    0.045798
Name: comorbidity, dtype: object
> Asymmetry



Remove self-loops
Keep largest connected component
n-nodes                           1836
n-edges                           2351
density                       0.000698
n-edges-metric                    2342
n-edges-ultrametric               2253
%-edges-metric                0.996172
%-edges-ultrametric           0.958316
%-redundancy-metric           0.003828
%-redundancy-ultrametric      0.041684
%-edges-ultrametric/metric    0.961998
Name: water-pipes, dtype: object
> Asymmetry



Remove self-loops
Keep largest connected component
n-nodes                           1075
n-edges                          18906
density                       0.016375
n-edges-metric                    5217
n-edges-ultrametric               3592
%-edges-metric                0.275944
%-edges-ultrametric           0.189993
%-redundancy-metric           0.724056
%-redundancy-ultrametric      0.810007
%-edges-ultrametric/metric    0.688518
Name: us-airports, dtype: object
> Asymmetry



Remove self-loops
Keep largest connected component
n-nodes                            863
n-edges                         173857
density                       0.233708
n-edges-metric                    2535
n-edges-ultrametric               1727
%-edges-metric                0.014581
%-edges-ultrametric           0.009933
%-redundancy-metric           0.985419
%-redundancy-ultrametric      0.990067
%-edges-ultrametric/metric    0.681262
Name: colombia-mobility, dtype: object
> Asymmetry



Remove self-loops
Keep largest connected component
n-nodes                          10578
n-edges                          18529
density                       0.000166
n-edges-metric                   18431
n-edges-ultrametric              18429
%-edges-metric                0.994711
%-edges-ultrametric           0.994603
%-redundancy-metric           0.005289
%-redundancy-ultrametric      0.005397
%-edges-ultrametric/metric    0.999891
Name: host-pathogen, dtype: object
> Asymmetry



Remove self-loops
Keep largest connected component
n-nodes                            725
n-edges                          53118
density                       0.101196
n-edges-metric                   31622
n-edges-ultrametric               1462
%-edges-metric                0.595316
%-edges-ultrametric           0.027524
%-redundancy-metric           0.404684
%-redundancy-ultrametric      0.972476
%-edges-ultrametric/metric    0.046234
Name: bike-sharing, dtype: object
> Asymmetry



Remove self-loops
Keep largest connected component
n-nodes                            863
n-edges                         438484
density                       0.589435
n-edges-metric                    2259
n-edges-ultrametric               1746
%-edges-metric                0.005152
%-edges-ultrametric           0.003982
%-redundancy-metric           0.994848
%-redundancy-ultrametric      0.996018
%-edges-ultrametric/metric    0.772908
Name: colombia-calls, dtype: object
> Asymmetry



Remove self-loops
Keep largest connected component
n-nodes                           4245
n-edges                         101436
density                        0.00563
n-edges-metric                   44772
n-edges-ultrametric              21033
%-edges-metric                0.441382
%-edges-ultrametric           0.207352
%-redundancy-metric           0.558618
%-redundancy-ultrametric      0.792648
%-edges-ultrametric/metric     0.46978
Name: tennis-loss, dtype: object
> Asymmetry



Remove self-loops
Keep largest connected component
Traceback (most recent call last):
  File "02-network-stats.py", line 80, in <module>
    G = nx.read_graphml(rBfile)
  File "/home/fcosta/fcenv/lib/python3.8/site-packages/networkx/utils/decorators.py", line 766, in func
    return argmap._lazy_compile(__wrapper)(*args, **kwargs)
  File "<class 'networkx.utils.decorators.argmap'> compilation 9", line 3, in argmap_read_graphml_5
  File "/home/fcosta/fcenv/lib/python3.8/site-packages/networkx/utils/decorators.py", line 189, in _open_file
    fobj = _dispatch_dict[ext](path, mode=mode)
FileNotFoundError: [Errno 2] No such file or directory: 'networks/weblinks_us/backbone.graphml'
Remove self-loops
Keep largest connected component
n-nodes                           6216
n-edges                        1666106
density                       0.043127
n-edges-metric                  106160
n-edges-ultrametric              22963
%-edges-metric                0.063717
%-edges-ultrametric           0.013782
%-redundancy-metric           0.936283
%-redundancy-ultrametric      0.986218
%-edges-ultrametric/metric    0.216306
Name: yeast-grn, dtype: object
> Asymmetry



Remove self-loops
Keep largest connected component
Traceback (most recent call last):
  File "02-network-stats.py", line 80, in <module>
    # Metric
  File "/home/fcosta/fcenv/lib/python3.8/site-packages/networkx/utils/decorators.py", line 766, in func
    return argmap._lazy_compile(__wrapper)(*args, **kwargs)
  File "<class 'networkx.utils.decorators.argmap'> compilation 9", line 3, in argmap_read_graphml_5
  File "/home/fcosta/fcenv/lib/python3.8/site-packages/networkx/utils/decorators.py", line 189, in _open_file
    fobj = _dispatch_dict[ext](path, mode=mode)
FileNotFoundError: [Errno 2] No such file or directory: 'networks/online_dating/backbone.graphml'
Remove self-loops
Keep largest connected component
n-nodes                            113
n-edges                           3432
density                       0.271176
n-edges-metric                    1565
n-edges-ultrametric                638
%-edges-metric                0.456002
%-edges-ultrametric           0.185897
%-redundancy-metric           0.543998
%-redundancy-ultrametric      0.814103
%-edges-ultrametric/metric    0.407668
Name: business-faculty, dtype: object
> Asymmetry



Remove self-loops
Keep largest connected component
n-nodes                             57
n-edges                           2518
density                       0.788847
n-edges-metric                     213
n-edges-ultrametric                118
%-edges-metric                0.084591
%-edges-ultrametric           0.046863
%-redundancy-metric           0.915409
%-redundancy-ultrametric      0.953137
%-edges-ultrametric/metric    0.553991
Name: mobility-manizales, dtype: object
> Asymmetry



Remove self-loops
Keep largest connected component
n-nodes                            110
n-edges                            295
density                       0.024604
n-edges-metric                     197
n-edges-ultrametric                192
%-edges-metric                0.667797
%-edges-ultrametric           0.650847
%-redundancy-metric           0.332203
%-redundancy-ultrametric      0.349153
%-edges-ultrametric/metric    0.974619
Name: caviar-proj, dtype: object
> Asymmetry



Remove self-loops
Keep largest connected component
n-nodes                              6
n-edges                             30
density                            1.0
n-edges-metric                      23
n-edges-ultrametric                  9
%-edges-metric                0.766667
%-edges-ultrametric                0.3
%-redundancy-metric           0.233333
%-redundancy-ultrametric           0.7
%-edges-ultrametric/metric    0.391304
Name: giraffe, dtype: object
> Asymmetry



Remove self-loops
Keep largest connected component
n-nodes                             11
n-edges                             30
density                       0.272727
n-edges-metric                      30
n-edges-ultrametric                 30
%-edges-metric                     1.0
%-edges-ultrametric                1.0
%-redundancy-metric                0.0
%-redundancy-ultrametric           0.0
%-edges-ultrametric/metric         1.0
Name: pop-flow, dtype: object
> Asymmetry



Remove self-loops
Keep largest connected component
n-nodes                            145
n-edges                           2428
density                       0.116284
n-edges-metric                    1473
n-edges-ultrametric               1120
%-edges-metric                0.606672
%-edges-ultrametric           0.461285
%-redundancy-metric           0.393328
%-redundancy-ultrametric      0.538715
%-edges-ultrametric/metric    0.760353
Name: history-faculty, dtype: object
> Asymmetry



Remove self-loops
Keep largest connected component
n-nodes                            322
n-edges                            609
density                       0.005892
n-edges-metric                     558
n-edges-ultrametric                517
%-edges-metric                0.916256
%-edges-ultrametric           0.848933
%-redundancy-metric           0.083744
%-redundancy-ultrametric      0.151067
%-edges-ultrametric/metric    0.926523
Name: phone-calls, dtype: object
> Asymmetry



Remove self-loops
Keep largest connected component
n-nodes                            206
n-edges                           2929
density                       0.069358
n-edges-metric                    2149
n-edges-ultrametric               1554
%-edges-metric                0.733698
%-edges-ultrametric           0.530557
%-redundancy-metric           0.266302
%-redundancy-ultrametric      0.469443
%-edges-ultrametric/metric    0.723127
Name: cs-faculty, dtype: object
> Asymmetry



Remove self-loops
Keep largest connected component
n-nodes                            412
n-edges                           2966
density                       0.017516
n-edges-metric                    1750
n-edges-ultrametric               1201
%-edges-metric                 0.59002
%-edges-ultrametric           0.404922
%-redundancy-metric            0.40998
%-redundancy-ultrametric      0.595078
%-edges-ultrametric/metric    0.686286
Name: DDI, dtype: object
> Asymmetry



Remove self-loops
Keep largest connected component
n-nodes                            328
n-edges                           3474
density                        0.03239
n-edges-metric                    1908
n-edges-ultrametric               1058
%-edges-metric                0.549223
%-edges-ultrametric           0.304548
%-redundancy-metric           0.450777
%-redundancy-ultrametric      0.695452
%-edges-ultrametric/metric    0.554507
Name: celegans-male, dtype: object
> Asymmetry



Remove self-loops
Keep largest connected component
n-nodes                            313
n-edges                           3500
density                        0.03584
n-edges-metric                    2036
n-edges-ultrametric               1153
%-edges-metric                0.581714
%-edges-ultrametric           0.329429
%-redundancy-metric           0.418286
%-redundancy-ultrametric      0.670571
%-edges-ultrametric/metric    0.566306
Name: celegans-her, dtype: object
> Asymmetry



Remove self-loops
Keep largest connected component
n-nodes                           1836
n-edges                           2351
density                       0.000698
n-edges-metric                    2342
n-edges-ultrametric               2253
%-edges-metric                0.996172
%-edges-ultrametric           0.958316
%-redundancy-metric           0.003828
%-redundancy-ultrametric      0.041684
%-edges-ultrametric/metric    0.961998
Name: water-pipes, dtype: object
> Asymmetry



Remove self-loops
Keep largest connected component
n-nodes                             95
n-edges                           8930
density                            1.0
n-edges-metric                    4236
n-edges-ultrametric                194
%-edges-metric                0.474356
%-edges-ultrametric           0.021725
%-redundancy-metric           0.525644
%-redundancy-ultrametric      0.978275
%-edges-ultrametric/metric    0.045798
Name: comorbidity, dtype: object
> Asymmetry



Remove self-loops
Keep largest connected component
n-nodes                           1075
n-edges                          18906
density                       0.016375
n-edges-metric                    5217
n-edges-ultrametric               3592
%-edges-metric                0.275944
%-edges-ultrametric           0.189993
%-redundancy-metric           0.724056
%-redundancy-ultrametric      0.810007
%-edges-ultrametric/metric    0.688518
Name: us-airports, dtype: object
> Asymmetry



Remove self-loops
Keep largest connected component
n-nodes                            413
n-edges                          33884
density                       0.199135
n-edges-metric                    3362
n-edges-ultrametric               1048
%-edges-metric                0.099221
%-edges-ultrametric           0.030929
%-redundancy-metric           0.900779
%-redundancy-ultrametric      0.969071
%-edges-ultrametric/metric    0.311719
Name: mobility-medellin, dtype: object
> Asymmetry



Remove self-loops
Keep largest connected component
n-nodes                            863
n-edges                         173857
density                       0.233708
n-edges-metric                    2535
n-edges-ultrametric               1727
%-edges-metric                0.014581
%-edges-ultrametric           0.009933
%-redundancy-metric           0.985419
%-redundancy-ultrametric      0.990067
%-edges-ultrametric/metric    0.681262
Name: colombia-mobility, dtype: object
> Asymmetry



Remove self-loops
Keep largest connected component
n-nodes                          10578
n-edges                          18529
density                       0.000166
n-edges-metric                   18431
n-edges-ultrametric              18429
%-edges-metric                0.994711
%-edges-ultrametric           0.994603
%-redundancy-metric           0.005289
%-redundancy-ultrametric      0.005397
%-edges-ultrametric/metric    0.999891
Name: host-pathogen, dtype: object
> Asymmetry



Remove self-loops
Keep largest connected component
n-nodes                            725
n-edges                          53118
density                       0.101196
n-edges-metric                   31622
n-edges-ultrametric               1462
%-edges-metric                0.595316
%-edges-ultrametric           0.027524
%-redundancy-metric           0.404684
%-redundancy-ultrametric      0.972476
%-edges-ultrametric/metric    0.046234
Name: bike-sharing, dtype: object
> Asymmetry



Remove self-loops
Keep largest connected component
n-nodes                            863
n-edges                         438484
density                       0.589435
n-edges-metric                    2259
n-edges-ultrametric               1746
%-edges-metric                0.005152
%-edges-ultrametric           0.003982
%-redundancy-metric           0.994848
%-redundancy-ultrametric      0.996018
%-edges-ultrametric/metric    0.772908
Name: colombia-calls, dtype: object
> Asymmetry



Remove self-loops
Keep largest connected component
n-nodes                           4245
n-edges                         101436
density                        0.00563
n-edges-metric                   44772
n-edges-ultrametric              21033
%-edges-metric                0.441382
%-edges-ultrametric           0.207352
%-redundancy-metric           0.558618
%-redundancy-ultrametric      0.792648
%-edges-ultrametric/metric     0.46978
Name: tennis-loss, dtype: object
> Asymmetry



Remove self-loops
Keep largest connected component
n-nodes                           6216
n-edges                        1666106
density                       0.043127
n-edges-metric                  106160
n-edges-ultrametric              22963
%-edges-metric                0.063717
%-edges-ultrametric           0.013782
%-redundancy-metric           0.936283
%-redundancy-ultrametric      0.986218
%-edges-ultrametric/metric    0.216306
Name: yeast-grn, dtype: object
> Asymmetry



Remove self-loops
Keep largest connected component
n-nodes                          42800
n-edges                         505476
density                       0.000276
n-edges-metric                  185919
n-edges-ultrametric             128223
%-edges-metric                 0.36781
%-edges-ultrametric           0.253668
%-redundancy-metric            0.63219
%-redundancy-ultrametric      0.746332
%-edges-ultrametric/metric    0.689671
Name: us-weblinks, dtype: object
> Asymmetry



Remove self-loops
Keep largest connected component
Traceback (most recent call last):
  File "02-network-stats.py", line 80, in <module>
    G = nx.read_graphml(rBfile)
  File "/home/fcosta/fcenv/lib/python3.8/site-packages/networkx/utils/decorators.py", line 766, in func
    return argmap._lazy_compile(__wrapper)(*args, **kwargs)
  File "<class 'networkx.utils.decorators.argmap'> compilation 9", line 3, in argmap_read_graphml_5
  File "/home/fcosta/fcenv/lib/python3.8/site-packages/networkx/utils/decorators.py", line 189, in _open_file
    fobj = _dispatch_dict[ext](path, mode=mode)
FileNotFoundError: [Errno 2] No such file or directory: 'networks/online_dating/backbone.graphml'
03-distortion-plot.py:43: FutureWarning: The default dtype for empty Series will be 'object' instead of 'float64' in a future version. Specify a dtype explicitly to silence this warning.
  ss = pd.Series(list(data[kind].values()), name='s-value')
/home/fcosta/fcenv/lib/python3.8/site-packages/powerlaw.py:1151: RuntimeWarning: invalid value encountered in scalar divide
  self.alpha = 1 + (self.n / sum(log(data/self.xmin)))
/home/fcosta/fcenv/lib/python3.8/site-packages/powerlaw.py:1170: RuntimeWarning: invalid value encountered in scalar divide
  return 1 + len(data)/sum(log(data / (self.xmin)))
Not enough data. Returning nan
Not enough data. Returning nan
/home/fcosta/fcenv/lib/python3.8/site-packages/powerlaw.py:1151: RuntimeWarning: invalid value encountered in scalar divide
  self.alpha = 1 + (self.n / sum(log(data/self.xmin)))
Not enough data. Returning nan
Not enough data. Returning nan
/home/fcosta/fcenv/lib/python3.8/site-packages/numpy/core/fromnumeric.py:3464: RuntimeWarning: Mean of empty slice.
  return _methods._mean(a, axis=axis, dtype=dtype,
/home/fcosta/fcenv/lib/python3.8/site-packages/numpy/core/_methods.py:192: RuntimeWarning: invalid value encountered in scalar divide
  ret = ret.dtype.type(ret / rcount)
/home/fcosta/fcenv/lib/python3.8/site-packages/numpy/core/_methods.py:269: RuntimeWarning: Degrees of freedom <= 0 for slice
  ret = _var(a, axis=axis, dtype=dtype, out=out, ddof=ddof,
/home/fcosta/fcenv/lib/python3.8/site-packages/numpy/core/_methods.py:226: RuntimeWarning: invalid value encountered in divide
  arrmean = um.true_divide(arrmean, div, out=arrmean,
/home/fcosta/fcenv/lib/python3.8/site-packages/numpy/core/_methods.py:261: RuntimeWarning: invalid value encountered in scalar divide
  ret = ret.dtype.type(ret / rcount)
No valid fits found.
Not enough data. Returning nan
Powerlaw: alpha: nan
sigma: nan
R: 0 p-value 1
Traceback (most recent call last):
  File "03-distortion-plot.py", line 117, in <module>
    plot_s_dist(folder)
  File "03-distortion-plot.py", line 62, in plot_s_dist
    fit.plot_pdf(color='#d62728', linewidth=2, label='Empirical data', ax=ax)
  File "/home/fcosta/fcenv/lib/python3.8/site-packages/powerlaw.py", line 535, in plot_pdf
    return plot_pdf(data, ax=ax, linear_bins=linear_bins, **kwargs)
  File "/home/fcosta/fcenv/lib/python3.8/site-packages/powerlaw.py", line 2083, in plot_pdf
    edges, hist = pdf(data, linear_bins=linear_bins, **kwargs)
  File "/home/fcosta/fcenv/lib/python3.8/site-packages/powerlaw.py", line 1960, in pdf
    xmax = max(data)
ValueError: max() arg is an empty sequence
Powerlaw: alpha: 1.604130953235042
sigma: 0.012583331064362468
R: -677.3610977467297 p-value 2.2094649234406578e-132
Powerlaw: alpha: 3.579608101046632
sigma: 0.08347415786576308
R: -25.743230410752076 p-value 1.3780473413689217e-05
Powerlaw: alpha: 3.84764844355229
sigma: 1.0763099432827874
R: -0.7077449225893521 p-value 0.2960390035100924
Powerlaw: alpha: 2.9056402540871233
sigma: 0.04410306365647528
R: -93.22298102861703 p-value 3.0128647867826425e-16
Powerlaw: alpha: 7.899516986242368
sigma: 2.2998389954141225
R: -0.00032644383684826694 p-value 0.9831166190899154
Powerlaw: alpha: 2.519237378120595
sigma: 0.03839102946950552
R: -127.52133714652003 p-value 3.2051003784179405e-21
Powerlaw: alpha: 2.217614543994633
sigma: 0.17050013959785315
R: -0.12582101858851902 p-value 0.7284981452298365
Powerlaw: alpha: 1.915615191023491
sigma: 0.026257066373961097
R: -45.61250145246223 p-value 2.0707449882842135e-09
Powerlaw: alpha: 2.7852796934315105
sigma: 0.046659032238854536
R: -57.501987957460045 p-value 2.8988273039357615e-10
Powerlaw: alpha: 1.6213039403634175
sigma: 0.06276117562984213
R: -4.064089046272617 p-value 0.09413047359982134
Powerlaw: alpha: 4.218736746265714
sigma: 0.11524926298090829
R: -2.012935889799202 p-value 0.24137972261532104
Powerlaw: alpha: 1.6102956378719426
sigma: 0.061649169152545744
R: -12.127785513418365 p-value 0.0026794620399805094
Powerlaw: alpha: 3.6824260729281697
sigma: 0.039152204381766385
R: 0.21007659186088157 p-value 0.732260573885577
Powerlaw: alpha: 1.8701076471819593
sigma: 0.004980425999080321
R: -8848.959766866274 p-value 0.0
Powerlaw: alpha: 3.383887306943281
sigma: 0.01001456539504462
R: -3086.4775272240536 p-value 0.0
Powerlaw: alpha: 1.3226454207173284
sigma: 0.0027576531685241743
R: -1168.922225474093 p-value 4.2299225011721816e-181
/home/fcosta/fcenv/lib/python3.8/site-packages/powerlaw.py:1615: RuntimeWarning: invalid value encountered in divide
  CDF = CDF/norm
'nan' in fit cumulative distribution values.
Likely underflow or overflow error: the optimal fit for this distribution gives values that are so extreme that we lack the numerical precision to calculate them.
Powerlaw: alpha: 3.3835340794441957
sigma: 0.016257079858002944
R: 4.484415244786764 p-value 5.167485235304208e-99
Powerlaw: alpha: 1.1561679466282517
sigma: 0.0003772987202961632
R: -136026.8088221531 p-value 0.0
Powerlaw: alpha: 1.4301189806460122
sigma: 0.0007608769717618043
R: -21856.008321973168 p-value 0.0
Powerlaw: alpha: 1.212759913612078
sigma: 0.00032213249004603775
R: -305370.3775551533 p-value 0.0
Powerlaw: alpha: 1.4697740223403999
sigma: 0.00037612674445708827
R: -219230.24441238775 p-value 0.0
03-distortion-plot.py:43: FutureWarning: The default dtype for empty Series will be 'object' instead of 'float64' in a future version. Specify a dtype explicitly to silence this warning.
  ss = pd.Series(list(data[kind].values()), name='s-value')
/home/fcosta/fcenv/lib/python3.8/site-packages/powerlaw.py:1151: RuntimeWarning: invalid value encountered in scalar divide
  self.alpha = 1 + (self.n / sum(log(data/self.xmin)))
/home/fcosta/fcenv/lib/python3.8/site-packages/powerlaw.py:1170: RuntimeWarning: invalid value encountered in scalar divide
  return 1 + len(data)/sum(log(data / (self.xmin)))
Not enough data. Returning nan
Not enough data. Returning nan
/home/fcosta/fcenv/lib/python3.8/site-packages/powerlaw.py:1151: RuntimeWarning: invalid value encountered in scalar divide
  self.alpha = 1 + (self.n / sum(log(data/self.xmin)))
Not enough data. Returning nan
Not enough data. Returning nan
/home/fcosta/fcenv/lib/python3.8/site-packages/numpy/core/fromnumeric.py:3464: RuntimeWarning: Mean of empty slice.
  return _methods._mean(a, axis=axis, dtype=dtype,
/home/fcosta/fcenv/lib/python3.8/site-packages/numpy/core/_methods.py:192: RuntimeWarning: invalid value encountered in scalar divide
  ret = ret.dtype.type(ret / rcount)
/home/fcosta/fcenv/lib/python3.8/site-packages/numpy/core/_methods.py:269: RuntimeWarning: Degrees of freedom <= 0 for slice
  ret = _var(a, axis=axis, dtype=dtype, out=out, ddof=ddof,
/home/fcosta/fcenv/lib/python3.8/site-packages/numpy/core/_methods.py:226: RuntimeWarning: invalid value encountered in divide
  arrmean = um.true_divide(arrmean, div, out=arrmean,
/home/fcosta/fcenv/lib/python3.8/site-packages/numpy/core/_methods.py:261: RuntimeWarning: invalid value encountered in scalar divide
  ret = ret.dtype.type(ret / rcount)
No valid fits found.
Not enough data. Returning nan
Powerlaw: alpha: nan
sigma: nan
R: 0 p-value 1
Traceback (most recent call last):
  File "03-distortion-plot.py", line 118, in <module>
    plot_s_dist(folder, kind='ultrametric')
  File "03-distortion-plot.py", line 62, in plot_s_dist
    fit.plot_pdf(color='#d62728', linewidth=2, label='Empirical data', ax=ax)
  File "/home/fcosta/fcenv/lib/python3.8/site-packages/powerlaw.py", line 535, in plot_pdf
    return plot_pdf(data, ax=ax, linear_bins=linear_bins, **kwargs)
  File "/home/fcosta/fcenv/lib/python3.8/site-packages/powerlaw.py", line 2083, in plot_pdf
    edges, hist = pdf(data, linear_bins=linear_bins, **kwargs)
  File "/home/fcosta/fcenv/lib/python3.8/site-packages/powerlaw.py", line 1960, in pdf
    xmax = max(data)
ValueError: max() arg is an empty sequence
Powerlaw: alpha: 7.351063781927982
sigma: 2.8402820691655735
R: -1.8187799858617635 p-value 0.015551615792685117
Powerlaw: alpha: 3.5793240012597467
sigma: 0.2646330588306161
R: -12.784566679818974 p-value 0.0014493989370432938
Powerlaw: alpha: 3.9958633576690636
sigma: 0.3175608807917943
R: -2.4476072552051606 p-value 0.1818300063409668
Powerlaw: alpha: 3.3806934289293524
sigma: 0.05905773551910497
R: -171.62609022325913 p-value 2.4407760146868626e-28
Powerlaw: alpha: 2.9605320754883695
sigma: 0.10434859342157693
R: -178.07768404276257 p-value 1.067488820823672e-54
Powerlaw: alpha: 2.5704044798635
sigma: 0.06438030690045851
R: -517.3183610279955 p-value 5.709953881632023e-111
Powerlaw: alpha: 2.5720431032210147
sigma: 0.0539206335970886
R: -214.78821757291206 p-value 3.08073941428251e-43
Powerlaw: alpha: 7.235728210129689
sigma: 4.409325703018955
R: -0.05992166270350863 p-value 0.8515282263456804
Powerlaw: alpha: 3.2443257364034674
sigma: 0.09578548828073304
R: -37.67998385729718 p-value 1.421792066584378e-08
Powerlaw: alpha: 4.307926337664667
sigma: 0.8840805011590767
R: -3.5888986921139328 p-value 0.054710386587509985
Powerlaw: alpha: 3.8549804955980482
sigma: 0.44587304411614415
R: -0.8557992065060922 p-value 0.5175097515102591
Powerlaw: alpha: 5.402093561714712
sigma: 0.19435717871062805
R: -14.595180509316219 p-value 0.0007040082464032305
Powerlaw: alpha: 3.914244022362154
sigma: 0.10252274694394707
R: -36.26085028250348 p-value 2.457529512034036e-07
Powerlaw: alpha: 2.3677997021978667
sigma: 0.021514157826184103
R: -2492.301908816428 p-value 0.0
Powerlaw: alpha: 2.8892485265653596
sigma: 0.0392742061022901
R: -671.3536648199862 p-value 1.948272073615057e-139
Powerlaw: alpha: 2.733529465058468
sigma: 0.056936577882753116
R: -372.83830115051353 p-value 4.0304180044923034e-91
Powerlaw: alpha: 2.5998263768501255
sigma: 0.05383844416668484
R: -257.6923197851874 p-value 2.0725165560841785e-87
Powerlaw: alpha: 2.3265708835856174
sigma: 0.007638618006700686
R: -10719.870263832061 p-value 0.0
Powerlaw: alpha: 2.59939716291119
sigma: 0.01038066345032912
R: -15768.812768108866 p-value 0.0
Powerlaw: alpha: 3.0883961685766987
sigma: 0.008694408378466195
R: -340.56607094297374 p-value 2.8105474579229623e-61
Powerlaw: alpha: 2.8775772329285347
sigma: 0.006509445230928803
R: -14258.208314886926 p-value 0.0
           metric  ultrametric
200 199  1.150144          NaN
    213  3.451018          NaN
    218  3.311988          NaN
    239  1.605017          NaN
    241  1.895186          NaN
avg-metric-distrotion         1.955881
std-metric-distrotion         1.141416
med-metric-distrotion         1.614539
avg-ultrametric-distrotion    1.968946
std-ultrametric-distrotion    0.667831
med-ultrametric-distrotion    1.715015
Name: celegans-her, dtype: object
           metric  ultrametric
146 176  2.073171          NaN
221 15   2.120482          NaN
    743  1.071429          NaN
263 109  1.037419          NaN
    342  1.500000          NaN
avg-metric-distrotion         3.397419
std-metric-distrotion         4.465813
med-metric-distrotion         1.767488
avg-ultrametric-distrotion    1.490398
std-ultrametric-distrotion    0.568602
med-ultrametric-distrotion    1.355191
Name: phone-calls, dtype: object
Empty DataFrame
Columns: [metric, ultrametric]
Index: []
avg-metric-distrotion         NaN
std-metric-distrotion         NaN
med-metric-distrotion         NaN
avg-ultrametric-distrotion    NaN
std-ultrametric-distrotion    NaN
med-ultrametric-distrotion    NaN
Name: pop-flow, dtype: object
                                           metric  ultrametric
bacillus pumilus     gossypium hirsutum  7.686724          NaN
anaplasma ovis       bos taurus          5.936347          NaN
                     homo sapiens        1.999755          NaN
enterococcus hirae   homo sapiens        1.998280          NaN
providencia rettgeri homo sapiens        1.999146          NaN
avg-metric-distrotion         15.746709
std-metric-distrotion         52.667146
med-metric-distrotion          3.754556
avg-ultrametric-distrotion     1.183613
std-ultrametric-distrotion     0.213552
med-ultrametric-distrotion     1.183613
Name: host-pathogen, dtype: object
                      metric  ultrametric
Chinde   Ykeke      1.367237          NaN
Yanahmah Chinde     1.468169          NaN
         Chokolati  1.413762          NaN
Chuku    Chokolati  1.138408          NaN
Ykeke    Chinde     2.418712          NaN
avg-metric-distrotion         1.465338
std-metric-distrotion         0.439061
med-metric-distrotion         1.367237
avg-ultrametric-distrotion    1.371422
std-ultrametric-distrotion    0.247597
med-ultrametric-distrotion    1.301362
Name: giraffe, dtype: object
         metric  ultrametric
13 1   9.916005          NaN
   2  10.630222          NaN
   3  12.981029          NaN
   4   3.851310          NaN
   5   3.801607          NaN
avg-metric-distrotion         7.382533
std-metric-distrotion         6.406661
med-metric-distrotion         5.044764
avg-ultrametric-distrotion    1.519633
std-ultrametric-distrotion    0.390419
med-ultrametric-distrotion    1.444941
Name: mobility-manizales, dtype: object
                             metric  ultrametric
Ibuprofen Carvedilol       5.037825          NaN
          Acebutolol      22.961942          NaN
          Nadolol         33.976438          NaN
          Lithium cation   6.948679          NaN
          Esmolol         12.358721          NaN
avg-metric-distrotion         4.764948
std-metric-distrotion         7.308425
med-metric-distrotion         2.396831
avg-ultrametric-distrotion    1.648529
std-ultrametric-distrotion    0.582756
med-ultrametric-distrotion    1.452409
Name: DDI, dtype: object
                 metric  ultrametric
11298 10158  126.520868          NaN
      10185    4.188520          NaN
      10257  129.132343          NaN
      10299    3.331687          NaN
      10408   51.170573          NaN
avg-metric-distrotion          279.623695
std-metric-distrotion         2089.564845
med-metric-distrotion           17.743989
avg-ultrametric-distrotion       1.586072
std-ultrametric-distrotion       0.488676
med-ultrametric-distrotion       1.473614
Name: us-airports, dtype: object
           metric  ultrametric
118 35   3.215671          NaN
    143  1.875688          NaN
    156  2.500794          NaN
    157  2.728237          NaN
    228  2.182984          NaN
avg-metric-distrotion         2.174824
std-metric-distrotion         1.257797
med-metric-distrotion         1.783045
avg-ultrametric-distrotion    2.010331
std-ultrametric-distrotion    0.786149
med-ultrametric-distrotion    2.000159
Name: celegans-male, dtype: object
             metric  ultrametric
1718 1585  1.003968          NaN
542  622   1.352313          NaN
1719 1696  1.064302          NaN
1254 1284  1.062500          NaN
1997 2035  1.600000          NaN
avg-metric-distrotion         1.168663
std-metric-distrotion         0.193958
med-metric-distrotion         1.075269
avg-ultrametric-distrotion    1.452354
std-ultrametric-distrotion    0.451664
med-ultrametric-distrotion    1.346154
Name: water-pipes, dtype: object
         metric  ultrametric
31 6   1.154160          NaN
   8   1.364103          NaN
   12  1.500332          NaN
   14  1.200345          NaN
   15  1.333579          NaN
avg-metric-distrotion          1.84176
std-metric-distrotion         0.870153
med-metric-distrotion         1.555919
avg-ultrametric-distrotion    1.842167
std-ultrametric-distrotion    0.499752
med-ultrametric-distrotion    1.750581
Name: business-faculty, dtype: object
         metric  ultrametric
11 2   1.233544          NaN
   8   1.187050          NaN
   10  1.200626          NaN
   18  1.429104          NaN
   19  1.116313          NaN
avg-metric-distrotion         1.431342
std-metric-distrotion         0.521211
med-metric-distrotion         1.277321
avg-ultrametric-distrotion    1.919797
std-ultrametric-distrotion    0.343478
med-ultrametric-distrotion    2.000401
Name: cs-faculty, dtype: object
        metric  ultrametric
0 6   1.234018          NaN
  13  5.692297          NaN
  18  1.811730          NaN
  20  1.179129          NaN
  22  5.249945          NaN
avg-metric-distrotion         9.518084
std-metric-distrotion         14.08017
med-metric-distrotion         4.996089
avg-ultrametric-distrotion    1.173752
std-ultrametric-distrotion    0.099289
med-ultrametric-distrotion     1.14318
Name: caviar-proj, dtype: object
                                                    metric  ultrametric
AHRQ_DOInChildhood_DT AHRQ_AdjustmentDO_DT        1.034139          NaN
                      AHRQ_Anemia_DT              1.060468          NaN
                      AHRQ_BacterialInfection_DT  1.725471          NaN
                      AHRQ_CNSInfection_DT        1.428849          NaN
                      AHRQ_CerebrovascularDs_DT   1.045744          NaN
avg-metric-distrotion          163.212846
std-metric-distrotion         5547.103538
med-metric-distrotion            1.317455
avg-ultrametric-distrotion        2.14667
std-ultrametric-distrotion       0.540855
med-ultrametric-distrotion        2.11916
Name: comorbidity, dtype: object
        metric  ultrametric
11 3  1.788954          NaN
   4  1.200741          NaN
   5  1.464509          NaN
   6  2.101482          NaN
   7  2.183437          NaN
avg-metric-distrotion         1.555946
std-metric-distrotion         0.581198
med-metric-distrotion         1.364676
avg-ultrametric-distrotion    1.701464
std-ultrametric-distrotion    0.366098
med-ultrametric-distrotion    1.500331
Name: history-faculty, dtype: object
        metric  ultrametric
60 1  3.048521          NaN
   2  8.401032          NaN
   4  3.765098          NaN
   5  6.552341          NaN
   7  3.826983          NaN
avg-metric-distrotion         3.773237
std-metric-distrotion         2.586333
med-metric-distrotion         3.153791
avg-ultrametric-distrotion    1.762465
std-ultrametric-distrotion    0.503343
med-ultrametric-distrotion    1.666693
Name: mobility-medellin, dtype: object
         metric  ultrametric
1 39   1.019995          NaN
  55   1.033945          NaN
  104  1.035168          NaN
  319  1.128935          NaN
  374  1.027200          NaN
avg-metric-distrotion         2.064145
std-metric-distrotion         5.746482
med-metric-distrotion           1.2679
avg-ultrametric-distrotion    2.265664
std-ultrametric-distrotion    0.844326
med-ultrametric-distrotion    2.101589
Name: bike-sharing, dtype: object
          metric  ultrametric
681 2   2.000066          NaN
    10  1.212142          NaN
    33  1.071460          NaN
    39  2.404470          NaN
    40  2.137481          NaN
avg-metric-distrotion         1.603512
std-metric-distrotion          0.57838
med-metric-distrotion         1.440032
avg-ultrametric-distrotion    1.911278
std-ultrametric-distrotion    0.412917
med-ultrametric-distrotion    2.000013
Name: tennis-loss, dtype: object
                    metric  ultrametric
M76109 M05495  1682.449180          NaN
       M76497    68.265879          NaN
       M66383  1037.805198          NaN
       M05790   425.312418          NaN
       M05890  2827.929183          NaN
avg-metric-distrotion          1820.20259
std-metric-distrotion         2472.025314
med-metric-distrotion          885.820062
avg-ultrametric-distrotion       1.462293
std-ultrametric-distrotion       0.433481
med-ultrametric-distrotion       1.325644
Name: colombia-mobility, dtype: object
                metric  ultrametric
37723 16078  28.516896          NaN
      39186  27.365425          NaN
      37844  22.073953          NaN
      37451  38.195060          NaN
      37455  17.319870          NaN
avg-metric-distrotion          1213.622168
std-metric-distrotion         312558.55176
med-metric-distrotion             7.579634
avg-ultrametric-distrotion        1.794191
std-ultrametric-distrotion        0.962767
med-ultrametric-distrotion         1.45283
Name: us-weblinks, dtype: object
                   metric  ultrametric
M05147 M05490    1.683540          NaN
       M76497   79.900349          NaN
       M44035  156.931502          NaN
       M05790   38.907116          NaN
       M76126   53.904180          NaN
avg-metric-distrotion         301.022293
std-metric-distrotion           530.7021
med-metric-distrotion         120.822864
avg-ultrametric-distrotion      1.277078
std-ultrametric-distrotion      0.249765
med-ultrametric-distrotion      1.205631
Name: colombia-calls, dtype: object
                  metric  ultrametric
DER1 YAL066W  143.565714          NaN
     GDH3      52.931483          NaN
     YAL061W   82.442187          NaN
     ECM1     171.876628          NaN
     CNE1     161.712161          NaN
avg-metric-distrotion         25.399095
std-metric-distrotion         77.024484
med-metric-distrotion          7.200917
avg-ultrametric-distrotion     1.794985
std-ultrametric-distrotion     0.612335
med-ultrametric-distrotion     1.658428
Name: yeast-grn, dtype: object
